<?xml version="1.0" encoding="UTF-8"?>
<!-- Generated by org.testng.reporters.JUnitXMLReporter -->
<testsuite ignored="0" hostname="SARAVANAN-PC" failures="0" tests="11" name="Test" time="0.261" errors="0" timestamp="2025-07-19T01:05:26 EDT">
  <testcase classname="test.TestClass1" name="firstTest" time="0.016"/>
  <testcase classname="test.TestClass1" name="secondTest" time="0.009"/>
  <testcase classname="test.TestClass2" name="firstTest" time="0.009"/>
  <testcase classname="test.TestClass2" name="secondTest" time="0.004"/>
  <testcase classname="test.TestClass2" name="thirdTest" time="0.011"/>
  <testcase classname="test.TestClass3" name="mobileTest1" time="0.005"/>
  <testcase classname="test.TestClass3" name="mobileTest2" time="0.013"/>
  <testcase classname="test.TestClass3" name="mobileTest3" time="0.03"/>
  <testcase classname="test.TestClass3" name="mobileTest4" time="0.004"/>
  <testcase classname="test.TestClass3" name="webTest1" time="0.003"/>
  <testcase classname="test.TestClass3" name="webTest2" time="0.003"/>
</testsuite> <!-- Test -->
