<?xml version="1.0" encoding="UTF-8"?>
<!-- Generated by org.testng.reporters.JUnitXMLReporter -->
<testsuite ignored="4" hostname="SARAVANAN-PC" failures="0" tests="4" name="Test" time="0.071" errors="0" timestamp="2025-07-18T22:59:11 EDT">
  <testcase classname="test.TestClass3" name="webTest1" time="0.009"/>
  <testcase classname="test.TestClass3" name="webTest2" time="0.002"/>
  <testcase classname="test.TestClass1" name="firstTest" time="0.002"/>
  <testcase classname="test.TestClass1" name="secondTest" time="0.003"/>
  <testcase classname="test.TestClass3" name="mobileTest1" time="0.0">
    <ignored/>
  </testcase> <!-- mobileTest1 -->
  <testcase classname="test.TestClass3" name="mobileTest3" time="0.0">
    <ignored/>
  </testcase> <!-- mobileTest3 -->
  <testcase classname="test.TestClass3" name="mobileTest2" time="0.0">
    <ignored/>
  </testcase> <!-- mobileTest2 -->
  <testcase classname="test.TestClass3" name="mobileTest4" time="0.0">
    <ignored/>
  </testcase> <!-- mobileTest4 -->
</testsuite> <!-- Test -->
