<?xml version="1.0" encoding="UTF-8"?>
<testng-results ignored="0" total="3" passed="3" failed="0" skipped="0">
  <reporter-output>
  </reporter-output>
  <suite started-at="2025-07-18T19:26:11 EDT" name="Default suite" finished-at="2025-07-18T19:26:11 EDT" duration-ms="101">
    <groups>
    </groups>
    <test started-at="2025-07-18T19:26:11 EDT" name="Default test" finished-at="2025-07-18T19:26:11 EDT" duration-ms="101">
      <class name="test.TestClass2">
        <test-method signature="firstTest()[pri:0, instance:test.TestClass2@313ac989]" started-at="2025-07-18T19:26:11 EDT" name="firstTest" finished-at="2025-07-18T19:26:11 EDT" duration-ms="15" status="PASS">
          <reporter-output>
          </reporter-output>
        </test-method> <!-- firstTest -->
        <test-method signature="secondTest()[pri:0, instance:test.TestClass2@313ac989]" started-at="2025-07-18T19:26:11 EDT" name="secondTest" finished-at="2025-07-18T19:26:11 EDT" duration-ms="4" status="PASS">
          <reporter-output>
          </reporter-output>
        </test-method> <!-- secondTest -->
        <test-method signature="thirdTest()[pri:0, instance:test.TestClass2@313ac989]" started-at="2025-07-18T19:26:11 EDT" name="thirdTest" finished-at="2025-07-18T19:26:11 EDT" duration-ms="1" status="PASS">
          <reporter-output>
          </reporter-output>
        </test-method> <!-- thirdTest -->
      </class> <!-- test.TestClass2 -->
    </test> <!-- Default test -->
  </suite> <!-- Default suite -->
</testng-results>
