<?xml version="1.0" encoding="UTF-8"?>
<testng-results ignored="0" total="2" passed="2" failed="0" skipped="0">
  <reporter-output>
  </reporter-output>
  <suite started-at="2025-07-18T21:53:59 EDT" name="Default suite" finished-at="2025-07-18T21:53:59 EDT" duration-ms="61">
    <groups>
    </groups>
    <test started-at="2025-07-18T21:53:59 EDT" name="Default test" finished-at="2025-07-18T21:53:59 EDT" duration-ms="61">
      <class name="test.TestClass1">
        <test-method signature="firstTest()[pri:0, instance:test.TestClass1@3023df74]" started-at="2025-07-18T21:53:59 EDT" name="firstTest" finished-at="2025-07-18T21:53:59 EDT" duration-ms="10" status="PASS">
          <reporter-output>
          </reporter-output>
        </test-method> <!-- firstTest -->
        <test-method signature="secondTest()[pri:0, instance:test.TestClass1@3023df74]" started-at="2025-07-18T21:53:59 EDT" name="secondTest" finished-at="2025-07-18T21:53:59 EDT" duration-ms="2" status="PASS">
          <reporter-output>
          </reporter-output>
        </test-method> <!-- secondTest -->
      </class> <!-- test.TestClass1 -->
    </test> <!-- Default test -->
  </suite> <!-- Default suite -->
</testng-results>
